<?xml version="1.0" encoding="UTF-8"?>
<!-- Generated by org.testng.reporters.JUnitXMLReporter -->
<testsuite ignored="0" hostname="AVNRED666-PC" failures="0" tests="2" name="The Internet Test" time="13.35" errors="0" timestamp="2023-01-22T19:18:38 IST">
  <testcase classname="io.cucumber.testng.AbstractTestNGCucumberTests" name="runScenario" time="7.8"/>
  <testcase classname="io.cucumber.testng.AbstractTestNGCucumberTests" name="runScenario" time="5.116"/>
</testsuite> <!-- The Internet Test -->
