<?xml version="1.0" encoding="UTF-8"?>
<!-- Generated by org.testng.reporters.JUnitXMLReporter -->
<testsuite ignored="0" hostname="AVNRED666-PC" failures="0" tests="2" name="The Internet Test" time="14.142" errors="0" timestamp="2023-01-22T20:52:21 IST">
  <testcase classname="io.cucumber.testng.AbstractTestNGCucumberTests" name="runScenario" time="8.634"/>
  <testcase classname="io.cucumber.testng.AbstractTestNGCucumberTests" name="runScenario" time="5.1"/>
</testsuite> <!-- The Internet Test -->
